#
# There is insufficient memory for the Java Runtime Environment to continue.
# Native memory allocation (malloc) failed to allocate 701136 bytes for Chunk::new
# Possible reasons:
#   The system is out of physical RAM or swap space
#   The process is running with CompressedOops enabled, and the Java Heap may be blocking the growth of the native heap
# Possible solutions:
#   Reduce memory load on the system
#   Increase physical memory or swap space
#   Check if swap backing store is full
#   Decrease Java heap size (-Xmx/-Xms)
#   Decrease number of Java threads
#   Decrease Java thread stack sizes (-Xss)
#   Set larger code cache with -XX:ReservedCodeCacheSize=
#   JVM is running with Unscaled Compressed Oops mode in which the Java heap is
#     placed in the first 4GB address space. The Java Heap base address is the
#     maximum limit for the native heap growth. Please use -XX:HeapBaseMinAddress
#     to set the Java Heap base and to place the Java Heap above 4GB virtual address.
# This output file may be truncated or incomplete.
#
#  Out of Memory Error (allocation.cpp:389), pid=10648, tid=0x0000000000004200
#
# JRE version: OpenJDK Runtime Environment (8.0_242-b01) (build 1.8.0_242-release-1644-b01)
# Java VM: OpenJDK 64-Bit Server VM (25.242-b01 mixed mode windows-amd64 compressed oops)
# Failed to write core dump. Minidumps are not enabled by default on client versions of Windows
#

---------------  T H R E A D  ---------------

Current thread (0x0000000016a60800):  JavaThread "C2 CompilerThread0" daemon [_thread_in_native, id=16896, stack(0x00000000184b0000,0x00000000185b0000)]

Stack: [0x00000000184b0000,0x00000000185b0000]
[error occurred during error reporting (printing stack bounds), id 0xc0000005]

Native frames: (J=compiled Java code, j=interpreted, Vv=VM code, C=native code)


Current CompileTask:
C2:   9688 1549   !   4       java.net.URLClassLoader$1::run (63 bytes)


---------------  P R O C E S S  ---------------

Java Threads: ( => current thread )
  0x0000000018bbd800 JavaThread "Cache worker for journal cache (C:\Users\dell\.gradle\caches\journal-1)" [_thread_blocked, id=17036, stack(0x000000001c720000,0x000000001c820000)]
  0x0000000018bba800 JavaThread "File lock request listener" [_thread_in_native, id=18128, stack(0x000000001c620000,0x000000001c720000)]
  0x00000000180fd000 JavaThread "Cache worker for file hash cache (C:\Users\dell\.gradle\caches\6.7\fileHashes)" [_thread_blocked, id=16120, stack(0x000000001c520000,0x000000001c620000)]
  0x000000001811b000 JavaThread "Thread-9" [_thread_blocked, id=13440, stack(0x000000001c120000,0x000000001c220000)]
  0x0000000018281000 JavaThread "Stdin handler" [_thread_blocked, id=7192, stack(0x000000001c020000,0x000000001c120000)]
  0x000000001827c000 JavaThread "Asynchronous log dispatcher for DefaultDaemonConnection: socket connection from /127.0.0.1:7573 to /127.0.0.1:7574" [_thread_blocked, id=3456, stack(0x000000001bf20000,0x000000001c020000)]
  0x00000000192a4000 JavaThread "Daemon worker" [_thread_in_native, id=4932, stack(0x000000001be20000,0x000000001bf20000)]
  0x00000000192a3800 JavaThread "Cancel handler" [_thread_blocked, id=664, stack(0x000000001bd20000,0x000000001be20000)]
  0x000000001900a800 JavaThread "Handler for socket connection from /127.0.0.1:7573 to /127.0.0.1:7574" [_thread_in_native, id=9572, stack(0x000000001bc20000,0x000000001bd20000)]
  0x0000000019009800 JavaThread "Daemon" [_thread_blocked, id=17180, stack(0x000000001bb20000,0x000000001bc20000)]
  0x00000000189b5000 JavaThread "Daemon periodic checks" [_thread_blocked, id=6040, stack(0x000000001b820000,0x000000001b920000)]
  0x00000000189b3000 JavaThread "Incoming local TCP Connector on port 7573" [_thread_in_native, id=17224, stack(0x000000001b670000,0x000000001b770000)]
  0x000000001a2a1800 JavaThread "Daemon health stats" [_thread_blocked, id=6720, stack(0x000000001b350000,0x000000001b450000)]
  0x0000000017f4e800 JavaThread "Service Thread" daemon [_thread_blocked, id=11808, stack(0x00000000187b0000,0x00000000188b0000)]
  0x0000000017ecb000 JavaThread "C1 CompilerThread2" daemon [_thread_blocked, id=17136, stack(0x00000000186b0000,0x00000000187b0000)]
  0x0000000017ec8000 JavaThread "C2 CompilerThread1" daemon [_thread_in_native, id=860, stack(0x00000000185b0000,0x00000000186b0000)]
=>0x0000000016a60800 JavaThread "C2 CompilerThread0" daemon [_thread_in_native, id=16896, stack(0x00000000184b0000,0x00000000185b0000)]
  0x0000000016a4b000 JavaThread "Attach Listener" daemon [_thread_blocked, id=13592, stack(0x00000000183b0000,0x00000000184b0000)]
  0x0000000016aae800 JavaThread "Signal Dispatcher" daemon [_thread_blocked, id=11392, stack(0x00000000182b0000,0x00000000183b0000)]
  0x00000000030dc000 JavaThread "Finalizer" daemon [_thread_blocked, id=9280, stack(0x0000000017ca0000,0x0000000017da0000)]
  0x0000000016a39000 JavaThread "Reference Handler" daemon [_thread_blocked, id=8888, stack(0x0000000017ba0000,0x0000000017ca0000)]
  0x0000000002fe3000 JavaThread "main" [_thread_blocked, id=17268, stack(0x0000000002b60000,0x0000000002c60000)]

Other Threads:
  0x0000000016a16800 VMThread [stack: 0x0000000017aa0000,0x0000000017ba0000] [id=12976]
  0x0000000017f4f000 WatcherThread [stack: 0x00000000188b0000,0x00000000189b0000] [id=13432]

VM state:not at safepoint (normal execution)

VM Mutex/Monitor currently owned by a thread: None

heap address: 0x00000000a0000000, size: 1536 MB, Compressed Oops mode: 32-bit
Narrow klass base: 0x0000000000000000, Narrow klass shift: 3
Compressed class space size: 1073741824 Address: 0x0000000100000000

Heap:
 PSYoungGen      total 76288K, used 46243K [0x00000000e0000000, 0x00000000e5500000, 0x0000000100000000)
  eden space 65536K, 56% used [0x00000000e0000000,0x00000000e2401d58,0x00000000e4000000)
  from space 10752K, 87% used [0x00000000e4a80000,0x00000000e53a6ef8,0x00000000e5500000)
  to   space 10752K, 0% used [0x00000000e4000000,0x00000000e4000000,0x00000000e4a80000)
 ParOldGen       total 175104K, used 24K [0x00000000a0000000, 0x00000000aab00000, 0x00000000e0000000)
  object space 175104K, 0% used [0x00000000a0000000,0x00000000a0006000,0x00000000aab00000)
 Metaspace       used 16697K, capacity 17314K, committed 17664K, reserved 1064960K
  class space    used 2350K, capacity 2521K, committed 2560K, reserved 1048576K

Card table byte_map: [0x00000000124a0000,0x00000000127b0000] byte_map_base: 0x0000000011fa0000

Marking Bits: (ParMarkBitMap*) 0x000000006520f030
 Begin Bits: [0x0000000012db0000, 0x00000000145b0000)
 End Bits:   [0x00000000145b0000, 0x0000000015db0000)

Polling page: 0x0000000001260000

CodeCache: size=245760Kb used=5543Kb max_used=5543Kb free=240216Kb
 bounds [0x00000000030e0000, 0x0000000003650000, 0x00000000120e0000]
 total_blobs=1951 nmethods=1554 adapters=310
 compilation: enabled

Compilation events (10 events):
Event: 9.639 Thread 0x0000000017ecb000 1583       1       java.io.ExpiringCache::access$000 (5 bytes)
Event: 9.639 Thread 0x0000000017ecb000 nmethod 1583 0x00000000036471d0 code [0x0000000003647320, 0x0000000003647410]
Event: 9.647 Thread 0x0000000017ecb000 1584       1       java.lang.invoke.MethodHandles$Lookup::lookupClass (5 bytes)
Event: 9.647 Thread 0x0000000017ecb000 nmethod 1584 0x0000000003647490 code [0x00000000036475e0, 0x00000000036476f0]
Event: 9.679 Thread 0x0000000017ecb000 1586       3       org.gradle.internal.service.DefaultServiceRegistry$CompositeServiceProvider::getService (49 bytes)
Event: 9.680 Thread 0x0000000017ecb000 nmethod 1586 0x0000000003647750 code [0x00000000036478c0, 0x0000000003647c08]
Event: 9.680 Thread 0x0000000017ecb000 1588       3       org.gradle.internal.service.DefaultServiceRegistry$OwnServices::getService (309 bytes)
Event: 9.682 Thread 0x0000000017ecb000 nmethod 1588 0x0000000003647d90 code [0x0000000003648280, 0x000000000364b218]
Event: 9.682 Thread 0x0000000017ecb000 1587       3       org.gradle.internal.service.DefaultServiceRegistry::isSatisfiedBy (44 bytes)
Event: 9.682 Thread 0x0000000017ecb000 nmethod 1587 0x000000000364c850 code [0x000000000364ca00, 0x000000000364d148]

GC Heap History (4 events):
Event: 3.702 GC heap before
{Heap before GC invocations=1 (full 0):
 PSYoungGen      total 76288K, used 65536K [0x00000000e0000000, 0x00000000e5500000, 0x0000000100000000)
  eden space 65536K, 100% used [0x00000000e0000000,0x00000000e4000000,0x00000000e4000000)
  from space 10752K, 0% used [0x00000000e4a80000,0x00000000e4a80000,0x00000000e5500000)
  to   space 10752K, 0% used [0x00000000e4000000,0x00000000e4000000,0x00000000e4a80000)
 ParOldGen       total 175104K, used 0K [0x00000000a0000000, 0x00000000aab00000, 0x00000000e0000000)
  object space 175104K, 0% used [0x00000000a0000000,0x00000000a0000000,0x00000000aab00000)
 Metaspace       used 7793K, capacity 8104K, committed 8320K, reserved 1056768K
  class space    used 942K, capacity 1039K, committed 1152K, reserved 1048576K
Event: 3.712 GC heap after
Heap after GC invocations=1 (full 0):
 PSYoungGen      total 76288K, used 6098K [0x00000000e0000000, 0x00000000e5500000, 0x0000000100000000)
  eden space 65536K, 0% used [0x00000000e0000000,0x00000000e0000000,0x00000000e4000000)
  from space 10752K, 56% used [0x00000000e4000000,0x00000000e45f4bb0,0x00000000e4a80000)
  to   space 10752K, 0% used [0x00000000e4a80000,0x00000000e4a80000,0x00000000e5500000)
 ParOldGen       total 175104K, used 16K [0x00000000a0000000, 0x00000000aab00000, 0x00000000e0000000)
  object space 175104K, 0% used [0x00000000a0000000,0x00000000a0004000,0x00000000aab00000)
 Metaspace       used 7793K, capacity 8104K, committed 8320K, reserved 1056768K
  class space    used 942K, capacity 1039K, committed 1152K, reserved 1048576K
}
Event: 8.957 GC heap before
{Heap before GC invocations=2 (full 0):
 PSYoungGen      total 76288K, used 71634K [0x00000000e0000000, 0x00000000e5500000, 0x0000000100000000)
  eden space 65536K, 100% used [0x00000000e0000000,0x00000000e4000000,0x00000000e4000000)
  from space 10752K, 56% used [0x00000000e4000000,0x00000000e45f4bb0,0x00000000e4a80000)
  to   space 10752K, 0% used [0x00000000e4a80000,0x00000000e4a80000,0x00000000e5500000)
 ParOldGen       total 175104K, used 16K [0x00000000a0000000, 0x00000000aab00000, 0x00000000e0000000)
  object space 175104K, 0% used [0x00000000a0000000,0x00000000a0004000,0x00000000aab00000)
 Metaspace       used 13949K, capacity 14412K, committed 14720K, reserved 1062912K
  class space    used 1916K, capacity 2070K, committed 2176K, reserved 1048576K
Event: 9.000 GC heap after
Heap after GC invocations=2 (full 0):
 PSYoungGen      total 76288K, used 9371K [0x00000000e0000000, 0x00000000e5500000, 0x0000000100000000)
  eden space 65536K, 0% used [0x00000000e0000000,0x00000000e0000000,0x00000000e4000000)
  from space 10752K, 87% used [0x00000000e4a80000,0x00000000e53a6ef8,0x00000000e5500000)
  to   space 10752K, 0% used [0x00000000e4000000,0x00000000e4000000,0x00000000e4a80000)
 ParOldGen       total 175104K, used 24K [0x00000000a0000000, 0x00000000aab00000, 0x00000000e0000000)
  object space 175104K, 0% used [0x00000000a0000000,0x00000000a0006000,0x00000000aab00000)
 Metaspace       used 13949K, capacity 14412K, committed 14720K, reserved 1062912K
  class space    used 1916K, capacity 2070K, committed 2176K, reserved 1048576K
}

Deoptimization events (10 events):
Event: 8.052 Thread 0x00000000192a4000 Uncommon trap: reason=bimorphic action=maybe_recompile pc=0x000000000333bf00 method=java.util.HashMap.putVal(ILjava/lang/Object;Ljava/lang/Object;ZZ)Ljava/lang/Object; @ 253
Event: 8.052 Thread 0x00000000192a4000 Uncommon trap: reason=bimorphic action=maybe_recompile pc=0x000000000333bf00 method=java.util.HashMap.putVal(ILjava/lang/Object;Ljava/lang/Object;ZZ)Ljava/lang/Object; @ 253
Event: 8.052 Thread 0x00000000192a4000 Uncommon trap: reason=bimorphic action=maybe_recompile pc=0x000000000333bf00 method=java.util.HashMap.putVal(ILjava/lang/Object;Ljava/lang/Object;ZZ)Ljava/lang/Object; @ 253
Event: 8.052 Thread 0x00000000192a4000 Uncommon trap: reason=bimorphic action=maybe_recompile pc=0x000000000333bf00 method=java.util.HashMap.putVal(ILjava/lang/Object;Ljava/lang/Object;ZZ)Ljava/lang/Object; @ 253
Event: 8.913 Thread 0x00000000192a4000 Uncommon trap: reason=class_check action=maybe_recompile pc=0x0000000003422684 method=java.util.regex.Matcher.match(II)Z @ 86
Event: 9.020 Thread 0x00000000192a4000 Uncommon trap: reason=class_check action=maybe_recompile pc=0x0000000003422684 method=java.util.regex.Matcher.match(II)Z @ 86
Event: 9.020 Thread 0x00000000192a4000 Uncommon trap: reason=class_check action=maybe_recompile pc=0x0000000003422684 method=java.util.regex.Matcher.match(II)Z @ 86
Event: 9.021 Thread 0x00000000192a4000 Uncommon trap: reason=class_check action=maybe_recompile pc=0x00000000032a429c method=java.util.regex.Matcher.match(II)Z @ 86
Event: 9.138 Thread 0x00000000192a4000 Uncommon trap: reason=unstable_if action=reinterpret pc=0x000000000341e49c method=java.io.File.getName()Ljava/lang/String; @ 16
Event: 9.138 Thread 0x00000000192a4000 Uncommon trap: reason=unstable_if action=reinterpret pc=0x000000000341b6d4 method=java.lang.String.substring(I)Ljava/lang/String; @ 35

Classes redefined (0 events):
No events

Internal exceptions (10 events):
Event: 0.729 Thread 0x0000000002fe3000 Exception <a 'java/lang/ArrayIndexOutOfBoundsException'> (0x00000000e179cfe0) thrown at [C:\src\AOSP-openjdk-git\hotspot\src\share\vm\runtime\sharedRuntime.cpp, line 605]
Event: 0.729 Thread 0x0000000002fe3000 Exception <a 'java/lang/ArrayIndexOutOfBoundsException'> (0x00000000e17aaa80) thrown at [C:\src\AOSP-openjdk-git\hotspot\src\share\vm\runtime\sharedRuntime.cpp, line 605]
Event: 0.729 Thread 0x0000000002fe3000 Exception <a 'java/lang/ArrayIndexOutOfBoundsException'> (0x00000000e17ac7c0) thrown at [C:\src\AOSP-openjdk-git\hotspot\src\share\vm\runtime\sharedRuntime.cpp, line 605]
Event: 0.730 Thread 0x0000000002fe3000 Exception <a 'java/lang/ArrayIndexOutOfBoundsException'> (0x00000000e17afa88) thrown at [C:\src\AOSP-openjdk-git\hotspot\src\share\vm\runtime\sharedRuntime.cpp, line 605]
Event: 7.254 Thread 0x0000000002fe3000 Exception <a 'java/io/IOException'> (0x00000000e2030030) thrown at [C:\src\AOSP-openjdk-git\hotspot\src\share\vm\prims\jni.cpp, line 710]
Event: 8.747 Thread 0x00000000192a4000 Exception <a 'java/lang/NoSuchMethodError': java.lang.Object.lambda$static$0(Lorg/gradle/internal/state/ModelObject;)Ljava/lang/String;> (0x00000000e37b9e70) thrown at [C:\src\AOSP-openjdk-git\hotspot\src\share\vm\interpreter\linkResolver.cpp, line 620]
Event: 9.277 Thread 0x00000000192a4000 Exception <a 'java/lang/NoSuchMethodError': java.lang.Object.lambda$and$0(Ljava/util/function/Predicate;Ljava/lang/Object;)Z> (0x00000000e08518f0) thrown at [C:\src\AOSP-openjdk-git\hotspot\src\share\vm\interpreter\linkResolver.cpp, line 620]
Event: 9.298 Thread 0x00000000192a4000 Exception <a 'java/lang/IncompatibleClassChangeError': Found class java.lang.Object, but interface was expected> (0x00000000e0861d18) thrown at [C:\src\AOSP-openjdk-git\hotspot\src\share\vm\interpreter\linkResolver.cpp, line 653]
Event: 9.305 Thread 0x00000000192a4000 Exception <a 'java/lang/NoSuchMethodError': java.lang.Object.lambda$or$2(Ljava/util/function/Predicate;Ljava/lang/Object;)Z> (0x00000000e0866ac8) thrown at [C:\src\AOSP-openjdk-git\hotspot\src\share\vm\interpreter\linkResolver.cpp, line 620]
Event: 9.358 Thread 0x00000000192a4000 Exception <a 'java/lang/NoSuchMethodError': java.lang.Object.lambda$comparing$77a9974f$1(Ljava/util/function/Function;Ljava/lang/Object;Ljava/lang/Object;)I> (0x00000000e0c03b68) thrown at [C:\src\AOSP-openjdk-git\hotspot\src\share\vm\interpreter\linkReso

Events (10 events):
Event: 9.682 loading class org/gradle/internal/scripts/ScriptFileResolver
Event: 9.682 loading class org/gradle/internal/scripts/ScriptFileResolver done
Event: 9.682 loading class org/gradle/internal/scripts/ScriptingLanguages
Event: 9.682 loading class org/gradle/internal/scripts/ScriptingLanguages done
Event: 9.682 loading class org/gradle/scripts/ScriptingLanguage
Event: 9.682 loading class org/gradle/scripts/ScriptingLanguage done
Event: 9.683 loading class org/gradle/internal/scripts/ScriptingLanguages$1
Event: 9.683 loading class org/gradle/internal/scripts/ScriptingLanguages$1 done
Event: 9.684 loading class org/gradle/configurationcache/initialization/ConfigurationCacheStartParameter$requestedTaskNames$2
Event: 9.684 loading class org/gradle/configurationcache/initialization/ConfigurationCacheStartParameter$requestedTaskNames$2 done


Dynamic libraries:
0x00007ff765e40000 - 0x00007ff765e71000 	D:\android studio\jre\bin\java.exe
0x00007ffcd8d30000 - 0x00007ffcd8f25000 	C:\WINDOWS\SYSTEM32\ntdll.dll
0x00007ffcd6e20000 - 0x00007ffcd6edd000 	C:\WINDOWS\System32\KERNEL32.DLL
0x00007ffcd6570000 - 0x00007ffcd6839000 	C:\WINDOWS\System32\KERNELBASE.dll
0x00007ffcd3710000 - 0x00007ffcd37a0000 	C:\WINDOWS\SYSTEM32\apphelp.dll
0x00007ffcd7960000 - 0x00007ffcd7a0c000 	C:\WINDOWS\System32\ADVAPI32.dll
0x00007ffcd74d0000 - 0x00007ffcd756e000 	C:\WINDOWS\System32\msvcrt.dll
0x00007ffcd7720000 - 0x00007ffcd77bc000 	C:\WINDOWS\System32\sechost.dll
0x00007ffcd7f10000 - 0x00007ffcd803b000 	C:\WINDOWS\System32\RPCRT4.dll
0x00007ffcd7d70000 - 0x00007ffcd7f10000 	C:\WINDOWS\System32\USER32.dll
0x00007ffcd69f0000 - 0x00007ffcd6a12000 	C:\WINDOWS\System32\win32u.dll
0x00007ffcd74a0000 - 0x00007ffcd74ca000 	C:\WINDOWS\System32\GDI32.dll
0x00007ffcd6c00000 - 0x00007ffcd6d0b000 	C:\WINDOWS\System32\gdi32full.dll
0x00007ffcd64d0000 - 0x00007ffcd656d000 	C:\WINDOWS\System32\msvcp_win.dll
0x00007ffcd6b00000 - 0x00007ffcd6c00000 	C:\WINDOWS\System32\ucrtbase.dll
0x00007ffcc35d0000 - 0x00007ffcc386a000 	C:\WINDOWS\WinSxS\amd64_microsoft.windows.common-controls_6595b64144ccf1df_6.0.19041.844_none_ca00b6081b84eb1d\COMCTL32.dll
0x00007ffcd7c90000 - 0x00007ffcd7cc0000 	C:\WINDOWS\System32\IMM32.DLL
0x00007ffcd6400000 - 0x00007ffcd646e000 	C:\WINDOWS\System32\dtrampo.dll
0x0000000065580000 - 0x0000000065652000 	D:\android studio\jre\jre\bin\msvcr100.dll
0x0000000064a40000 - 0x000000006528b000 	D:\android studio\jre\jre\bin\server\jvm.dll
0x00007ffcd7a80000 - 0x00007ffcd7a88000 	C:\WINDOWS\System32\PSAPI.DLL
0x00007ffcbb7e0000 - 0x00007ffcbb7e9000 	C:\WINDOWS\SYSTEM32\WSOCK32.dll
0x00007ffcd7a10000 - 0x00007ffcd7a7b000 	C:\WINDOWS\System32\WS2_32.dll
0x00007ffcc1780000 - 0x00007ffcc17a7000 	C:\WINDOWS\SYSTEM32\WINMM.dll
0x00007ffccb180000 - 0x00007ffccb18a000 	C:\WINDOWS\SYSTEM32\VERSION.dll
0x00007ffcc04e0000 - 0x00007ffcc04ef000 	D:\android studio\jre\jre\bin\verify.dll
0x00007ffcbc8e0000 - 0x00007ffcbc909000 	D:\android studio\jre\jre\bin\java.dll
0x00007ffcbc8c0000 - 0x00007ffcbc8d6000 	D:\android studio\jre\jre\bin\zip.dll
0x00007ffcd8050000 - 0x00007ffcd8792000 	C:\WINDOWS\System32\SHELL32.dll
0x00007ffcd4150000 - 0x00007ffcd48e0000 	C:\WINDOWS\SYSTEM32\windows.storage.dll
0x00007ffcd87a0000 - 0x00007ffcd8af5000 	C:\WINDOWS\System32\combase.dll
0x00007ffcd5da0000 - 0x00007ffcd5dcc000 	C:\WINDOWS\SYSTEM32\Wldp.dll
0x0000000017e00000 - 0x0000000017eae000 	C:\WINDOWS\System32\SHCORE.dll
0x00007ffcd8c90000 - 0x00007ffcd8ce5000 	C:\WINDOWS\System32\shlwapi.dll
0x00007ffcd6340000 - 0x00007ffcd635f000 	C:\WINDOWS\SYSTEM32\profapi.dll
0x00007ffcbc8a0000 - 0x00007ffcbc8ba000 	D:\android studio\jre\jre\bin\net.dll
0x00007ffcd5b20000 - 0x00007ffcd5b8a000 	C:\WINDOWS\system32\mswsock.dll
0x00007ffcc0670000 - 0x00007ffcc0683000 	D:\android studio\jre\jre\bin\nio.dll
0x00007ffcc8a50000 - 0x00007ffcc8a76000 	C:\Users\dell\.gradle\native\fdc75f09e3144964f2cf3f50f0aa648679c211496f362492102eb8c894070792\windows-amd64\native-platform.dll
0x00007ffcbf7e0000 - 0x00007ffcbf971000 	C:\Users\dell\.gradle\native\12488b8bf47d2d4c9fbf2f6322a914ad602e24e48041cd04a747c6da556b65c4\windows-amd64\native-platform-file-events.dll
0x00007ffcc0660000 - 0x00007ffcc066d000 	D:\android studio\jre\jre\bin\management.dll
0x00007ffcd5d00000 - 0x00007ffcd5d18000 	C:\WINDOWS\SYSTEM32\CRYPTSP.dll
0x00007ffcd54c0000 - 0x00007ffcd54f4000 	C:\WINDOWS\system32\rsaenh.dll
0x00007ffcd6a20000 - 0x00007ffcd6a47000 	C:\WINDOWS\System32\bcrypt.dll
0x00007ffcd62b0000 - 0x00007ffcd62de000 	C:\WINDOWS\SYSTEM32\USERENV.dll
0x00007ffcd6d10000 - 0x00007ffcd6d90000 	C:\WINDOWS\System32\bcryptprimitives.dll
0x00007ffcd5cf0000 - 0x00007ffcd5cfc000 	C:\WINDOWS\SYSTEM32\CRYPTBASE.dll
0x00007ffcd5810000 - 0x00007ffcd584b000 	C:\WINDOWS\SYSTEM32\IPHLPAPI.DLL
0x00007ffcd7820000 - 0x00007ffcd7828000 	C:\WINDOWS\System32\NSI.dll
0x00007ffccec60000 - 0x00007ffccec77000 	C:\WINDOWS\SYSTEM32\dhcpcsvc6.DLL
0x00007ffcce8a0000 - 0x00007ffcce8bd000 	C:\WINDOWS\SYSTEM32\dhcpcsvc.DLL
0x00007ffcd5850000 - 0x00007ffcd591b000 	C:\WINDOWS\SYSTEM32\DNSAPI.dll
0x00007ffcced90000 - 0x00007ffcced9b000 	C:\WINDOWS\SYSTEM32\WINNSI.DLL

VM Arguments:
jvm_args: -Xmx1536M -Dfile.encoding=GBK -Duser.country=CN -Duser.language=zh -Duser.variant 
java_command: org.gradle.launcher.daemon.bootstrap.GradleDaemon 6.7
java_class_path (initial): C:\Users\dell\.gradle\wrapper\dists\gradle-6.7-all\cuy9mc7upwgwgeb72wkcrupxe\gradle-6.7\lib\gradle-launcher-6.7.jar
Launcher Type: SUN_STANDARD

Environment Variables:
JAVA_HOME=D:\android studio\jre
CLASSPATH=F:\Github\repository\wjr-1\scran\save-the-scran\android\\gradle\wrapper\gradle-wrapper.jar
PATH=C:\Users\dell\bin;F:\Git\Git\mingw64\bin;F:\Git\Git\usr\local\bin;F:\Git\Git\usr\bin;F:\Git\Git\usr\bin;F:\Git\Git\mingw64\bin;F:\Git\Git\usr\bin;C:\Users\dell\bin;D:\PGP;C:\windows\system32;C:\Users\dell\Java15\jdk-15.0.1\bin;C:\Users\dell\Java15\jdk-15.0.1\jre\bin;D:\Min-GW\mingw64\bin;C:\WINDOWS\system32;C:\WINDOWS;C:\WINDOWS\System32\Wbem;C:\WINDOWS\System32\WindowsPowerShell\v1.0;C:\WINDOWS\System32\OpenSSH;F:\Git\Git\usr\bin\git.exe;D:\tcl\bin;D:\anaconda;D:\anaconda\Library\mingw-w64\bin;D:\anaconda\Library\usr\bin;D:\anaconda\Library\bin;D:\anaconda\Scripts;C:\Users\dell\AppData\Local\Programs\Python\Python36-32\Scripts;C:\Users\dell\AppData\Local\Programs\Python\Python36-32;C:\Users\dell\AppData\Local\Microsoft\WindowsApps;C:\Users\dell\AppData\Local\GitHubDesktop\bin;F:\BaiduYunDownload\Github\GitHubDesktop\bin;D:\PGP;C:\windows\system32;C:\Users\dell\Java15\jdk-15.0.1\bin;C:\Users\dell\Java15\jdk-15.0.1\jre\bin;D:\Min-GW\mingw64\bin;C:\WINDOWS\system32;C:\WINDOWS;C:\WINDOWS\System32\Wbem;C:\WINDOWS\System32\WindowsPowerShell\v1.0;C:\WINDOWS\System32\OpenSSH;F:\Git\Git\usr\bin\git.exe;D:\VScode\Microsoft VS Code\bin;C:\Users\dell\AppData\Local\Microsoft\WindowsApps;C:\Users\dell\Java15\jdk-15.0.1\bin;D:\Flutter\flutter\bin;D:\maven\apache-maven-3.6.3\bin;D:\maven\apache-maven-3.6.3\bin;F:\Git\Git\usr\bin\git.exe;F:\Git\Git\usr\bin\vendor_perl;F:\Git\Git\usr\bin\core_perl
USERNAME=WJR
SHELL=F:\Git\Git\usr\bin\bash.exe
DISPLAY=needs-to-be-defined
OS=MINGW64_NT-10.0-19042
PROCESSOR_IDENTIFIER=Intel64 Family 6 Model 142 Stepping 9, GenuineIntel



---------------  S Y S T E M  ---------------

OS: Windows 10.0 , 64 bit Build 19041 (10.0.19041.804)

CPU:total 4 (initial active 4) (2 cores per cpu, 2 threads per core) family 6 model 142 stepping 9, cmov, cx8, fxsr, mmx, sse, sse2, sse3, ssse3, sse4.1, sse4.2, popcnt, avx, avx2, aes, clmul, erms, 3dnowpref, lzcnt, ht, tsc, tscinvbit, bmi1, bmi2, adx

Memory: 4k page, physical 16672316k(4572108k free), swap 18617916k(4468k free)

vm_info: OpenJDK 64-Bit Server VM (25.242-b01) for windows-amd64 JRE (1.8.0_242-release-1644-b01), built by "builder" with MS VC++ 10.0 (VS2010)

time: Fri Mar 12 17:31:41 2021
timezone: GMT 标准时间
elapsed time: 9 seconds (0d 0h 0m 9s)

