#
# There is insufficient memory for the Java Runtime Environment to continue.
# Native memory allocation (malloc) failed to allocate 138736 bytes for Chunk::new
# Possible reasons:
#   The system is out of physical RAM or swap space
#   The process is running with CompressedOops enabled, and the Java Heap may be blocking the growth of the native heap
# Possible solutions:
#   Reduce memory load on the system
#   Increase physical memory or swap space
#   Check if swap backing store is full
#   Decrease Java heap size (-Xmx/-Xms)
#   Decrease number of Java threads
#   Decrease Java thread stack sizes (-Xss)
#   Set larger code cache with -XX:ReservedCodeCacheSize=
#   JVM is running with Unscaled Compressed Oops mode in which the Java heap is
#     placed in the first 4GB address space. The Java Heap base address is the
#     maximum limit for the native heap growth. Please use -XX:HeapBaseMinAddress
#     to set the Java Heap base and to place the Java Heap above 4GB virtual address.
# This output file may be truncated or incomplete.
#
#  Out of Memory Error (allocation.cpp:389), pid=16948, tid=0x0000000000000c9c
#
# JRE version: OpenJDK Runtime Environment (8.0_242-b01) (build 1.8.0_242-release-1644-b01)
# Java VM: OpenJDK 64-Bit Server VM (25.242-b01 mixed mode windows-amd64 compressed oops)
# Failed to write core dump. Minidumps are not enabled by default on client versions of Windows
#

---------------  T H R E A D  ---------------

Current thread (0x0000000016ec1000):  JavaThread "C2 CompilerThread0" daemon [_thread_in_native, id=3228, stack(0x00000000188c0000,0x00000000189c0000)]

Stack: [0x00000000188c0000,0x00000000189c0000]
[error occurred during error reporting (printing stack bounds), id 0xc0000005]

Native frames: (J=compiled Java code, j=interpreted, Vv=VM code, C=native code)


Current CompileTask:
C2: 460889 13365   !   4       org.gradle.launcher.daemon.server.exec.LogToClient$AsynchronousLogDispatcher::dispatchAsync (33 bytes)


---------------  P R O C E S S  ---------------

Java Threads: ( => current thread )
  0x000000001b057000 JavaThread "Exec process Thread 3" [_thread_in_native, id=8268, stack(0x000000002fc50000,0x000000002fd50000)]
  0x000000001b055000 JavaThread "Exec process Thread 2" [_thread_in_native, id=16028, stack(0x000000002fb50000,0x000000002fc50000)]
  0x000000001b055800 JavaThread "Exec process" [_thread_in_native, id=13892, stack(0x000000002fe00000,0x000000002ff00000)]
  0x000000001b054000 JavaThread "Cache worker for execution history cache (F:\Github\repository\wjr-1\scran\save-the-scran\android\.gradle\6.7\executionHistory)" [_thread_blocked, id=10232, stack(0x000000002fa50000,0x000000002fb50000)]
  0x000000001b058800 JavaThread "Execution worker for ':' Thread 3" [_thread_blocked, id=14160, stack(0x000000002f950000,0x000000002fa50000)]
  0x000000001b05a000 JavaThread "Execution worker for ':' Thread 2" [_thread_blocked, id=2252, stack(0x000000002e640000,0x000000002e740000)]
  0x000000001b059800 JavaThread "Execution worker for ':'" [_thread_blocked, id=8184, stack(0x000000002b010000,0x000000002b110000)]
  0x000000001b051000 JavaThread "jar transforms Thread 228" [_thread_blocked, id=1852, stack(0x00000000298e0000,0x00000000299e0000)]
  0x000000001b053800 JavaThread "jar transforms Thread 227" [_thread_blocked, id=2956, stack(0x0000000028ce0000,0x0000000028de0000)]
  0x000000001b04c000 JavaThread "jar transforms Thread 226" [_thread_blocked, id=11416, stack(0x0000000028be0000,0x0000000028ce0000)]
  0x000000001b050800 JavaThread "jar transforms Thread 225" [_thread_blocked, id=18396, stack(0x0000000028ae0000,0x0000000028be0000)]
  0x000000001b04f800 JavaThread "jar transforms Thread 224" [_thread_blocked, id=17544, stack(0x00000000289e0000,0x0000000028ae0000)]
  0x000000001b052800 JavaThread "jar transforms Thread 223" [_thread_blocked, id=3800, stack(0x00000000288e0000,0x00000000289e0000)]
  0x000000001b04e000 JavaThread "jar transforms Thread 222" [_thread_blocked, id=14192, stack(0x00000000287e0000,0x00000000288e0000)]
  0x000000001b052000 JavaThread "jar transforms Thread 221" [_thread_blocked, id=4516, stack(0x00000000286e0000,0x00000000287e0000)]
  0x000000001b04f000 JavaThread "jar transforms Thread 220" [_thread_blocked, id=5460, stack(0x00000000285e0000,0x00000000286e0000)]
  0x000000001b04b000 JavaThread "jar transforms Thread 219" [_thread_blocked, id=14064, stack(0x00000000284e0000,0x00000000285e0000)]
  0x000000001fa10000 JavaThread "jar transforms Thread 218" [_thread_blocked, id=2908, stack(0x00000000283e0000,0x00000000284e0000)]
  0x000000001fa0e800 JavaThread "jar transforms Thread 217" [_thread_blocked, id=2200, stack(0x00000000282e0000,0x00000000283e0000)]
  0x000000001fa0d000 JavaThread "jar transforms Thread 216" [_thread_blocked, id=8040, stack(0x00000000281e0000,0x00000000282e0000)]
  0x000000001fa0f800 JavaThread "jar transforms Thread 215" [_thread_blocked, id=3168, stack(0x00000000280e0000,0x00000000281e0000)]
  0x000000001fa0c800 JavaThread "jar transforms Thread 214" [_thread_blocked, id=15928, stack(0x0000000027fe0000,0x00000000280e0000)]
  0x000000001fa0b800 JavaThread "jar transforms Thread 213" [_thread_blocked, id=9196, stack(0x0000000027ee0000,0x0000000027fe0000)]
  0x000000001fa0e000 JavaThread "jar transforms Thread 212" [_thread_blocked, id=15256, stack(0x0000000027de0000,0x0000000027ee0000)]
  0x000000001fa0b000 JavaThread "jar transforms Thread 211" [_thread_blocked, id=17236, stack(0x0000000027ce0000,0x0000000027de0000)]
  0x000000001fa0a000 JavaThread "jar transforms Thread 210" [_thread_blocked, id=16168, stack(0x0000000027be0000,0x0000000027ce0000)]
  0x000000001fa02800 JavaThread "jar transforms Thread 209" [_thread_blocked, id=16112, stack(0x0000000027ae0000,0x0000000027be0000)]
  0x000000001fa09800 JavaThread "jar transforms Thread 208" [_thread_blocked, id=15332, stack(0x00000000279e0000,0x0000000027ae0000)]
  0x000000001fa07000 JavaThread "jar transforms Thread 207" [_thread_blocked, id=12768, stack(0x00000000278e0000,0x00000000279e0000)]
  0x000000001fa08800 JavaThread "jar transforms Thread 206" [_thread_blocked, id=17664, stack(0x00000000277e0000,0x00000000278e0000)]
  0x000000001fa06800 JavaThread "jar transforms Thread 205" [_thread_blocked, id=3660, stack(0x00000000276e0000,0x00000000277e0000)]
  0x000000001fa01000 JavaThread "jar transforms Thread 204" [_thread_blocked, id=15960, stack(0x00000000275e0000,0x00000000276e0000)]
  0x000000001fa08000 JavaThread "jar transforms Thread 203" [_thread_blocked, id=13940, stack(0x00000000274e0000,0x00000000275e0000)]
  0x000000001fa05800 JavaThread "jar transforms Thread 202" [_thread_blocked, id=16356, stack(0x00000000273e0000,0x00000000274e0000)]
  0x000000001fa03800 JavaThread "jar transforms Thread 201" [_thread_blocked, id=16968, stack(0x00000000272e0000,0x00000000273e0000)]
  0x000000001fa05000 JavaThread "jar transforms Thread 200" [_thread_blocked, id=13224, stack(0x00000000271e0000,0x00000000272e0000)]
  0x000000001fa04000 JavaThread "jar transforms Thread 199" [_thread_blocked, id=10596, stack(0x00000000270e0000,0x00000000271e0000)]
  0x000000001fa02000 JavaThread "jar transforms Thread 198" [_thread_blocked, id=16720, stack(0x0000000026fe0000,0x00000000270e0000)]
  0x000000002a8ca000 JavaThread "jar transforms Thread 197" [_thread_blocked, id=16508, stack(0x0000000026ee0000,0x0000000026fe0000)]
  0x000000002a8ca800 JavaThread "jar transforms Thread 196" [_thread_blocked, id=14868, stack(0x0000000026de0000,0x0000000026ee0000)]
  0x000000002a8c9000 JavaThread "jar transforms Thread 195" [_thread_blocked, id=11672, stack(0x0000000026ce0000,0x0000000026de0000)]
  0x000000002a8cb800 JavaThread "jar transforms Thread 194" [_thread_blocked, id=17532, stack(0x0000000026be0000,0x0000000026ce0000)]
  0x000000002a8c1800 JavaThread "jar transforms Thread 193" [_thread_blocked, id=15728, stack(0x0000000026ae0000,0x0000000026be0000)]
  0x000000002a8c8800 JavaThread "jar transforms Thread 192" [_thread_blocked, id=13836, stack(0x00000000269e0000,0x0000000026ae0000)]
  0x000000002a8c7000 JavaThread "jar transforms Thread 191" [_thread_blocked, id=13320, stack(0x00000000268e0000,0x00000000269e0000)]
  0x000000002a8c6000 JavaThread "jar transforms Thread 190" [_thread_blocked, id=17092, stack(0x00000000267e0000,0x00000000268e0000)]
  0x000000002a8c7800 JavaThread "jar transforms Thread 189" [_thread_blocked, id=3856, stack(0x00000000266e0000,0x00000000267e0000)]
  0x000000002a8c4800 JavaThread "jar transforms Thread 188" [_thread_blocked, id=2164, stack(0x00000000265e0000,0x00000000266e0000)]
  0x000000002a8c2800 JavaThread "jar transforms Thread 187" [_thread_blocked, id=13440, stack(0x00000000264e0000,0x00000000265e0000)]
  0x000000002a8bf800 JavaThread "jar transforms Thread 186" [_thread_blocked, id=8432, stack(0x00000000263e0000,0x00000000264e0000)]
  0x000000002a8c1000 JavaThread "jar transforms Thread 185" [_thread_blocked, id=9400, stack(0x00000000262e0000,0x00000000263e0000)]
  0x000000002a8c5800 JavaThread "jar transforms Thread 184" [_thread_blocked, id=16188, stack(0x00000000261e0000,0x00000000262e0000)]
  0x000000002a8c4000 JavaThread "jar transforms Thread 183" [_thread_blocked, id=3708, stack(0x00000000260e0000,0x00000000261e0000)]
  0x000000002a8c3000 JavaThread "jar transforms Thread 182" [_thread_blocked, id=15900, stack(0x0000000025fe0000,0x00000000260e0000)]
  0x000000002a8be000 JavaThread "jar transforms Thread 181" [_thread_blocked, id=6440, stack(0x0000000025ee0000,0x0000000025fe0000)]
  0x000000002a8c0000 JavaThread "jar transforms Thread 180" [_thread_blocked, id=3372, stack(0x0000000025de0000,0x0000000025ee0000)]
  0x000000002a8bc800 JavaThread "jar transforms Thread 179" [_thread_blocked, id=11936, stack(0x0000000025ce0000,0x0000000025de0000)]
  0x000000002a8bd000 JavaThread "jar transforms Thread 178" [_thread_blocked, id=16580, stack(0x0000000025be0000,0x0000000025ce0000)]
  0x000000002a8be800 JavaThread "jar transforms Thread 177" [_thread_blocked, id=6620, stack(0x0000000025ae0000,0x0000000025be0000)]
  0x000000001ffea000 JavaThread "jar transforms Thread 176" [_thread_blocked, id=15856, stack(0x00000000259e0000,0x0000000025ae0000)]
  0x000000001ffeb800 JavaThread "jar transforms Thread 175" [_thread_blocked, id=8388, stack(0x00000000258e0000,0x00000000259e0000)]
  0x000000001ffe9000 JavaThread "jar transforms Thread 174" [_thread_blocked, id=16484, stack(0x00000000257e0000,0x00000000258e0000)]
  0x000000001ffe7800 JavaThread "jar transforms Thread 173" [_thread_blocked, id=2324, stack(0x00000000256e0000,0x00000000257e0000)]
  0x000000001ffea800 JavaThread "jar transforms Thread 172" [_thread_blocked, id=12520, stack(0x00000000255e0000,0x00000000256e0000)]
  0x000000001ffe7000 JavaThread "jar transforms Thread 171" [_thread_blocked, id=6476, stack(0x00000000254e0000,0x00000000255e0000)]
  0x000000001ffe4800 JavaThread "jar transforms Thread 170" [_thread_blocked, id=1336, stack(0x00000000253e0000,0x00000000254e0000)]
  0x000000001ffe5800 JavaThread "jar transforms Thread 169" [_thread_blocked, id=12008, stack(0x00000000252e0000,0x00000000253e0000)]
  0x000000001ffe6000 JavaThread "jar transforms Thread 168" [_thread_blocked, id=10876, stack(0x00000000251e0000,0x00000000252e0000)]
  0x000000001ffe8800 JavaThread "jar transforms Thread 167" [_thread_blocked, id=16488, stack(0x00000000250e0000,0x00000000251e0000)]
  0x000000001ffe4000 JavaThread "jar transforms Thread 166" [_thread_blocked, id=7228, stack(0x0000000024fe0000,0x00000000250e0000)]
  0x000000001ffdc800 JavaThread "jar transforms Thread 165" [_thread_blocked, id=11344, stack(0x0000000024de0000,0x0000000024ee0000)]
  0x000000001ffe3000 JavaThread "jar transforms Thread 164" [_thread_blocked, id=10540, stack(0x0000000024ce0000,0x0000000024de0000)]
  0x000000001ffde000 JavaThread "jar transforms Thread 163" [_thread_blocked, id=10804, stack(0x0000000024be0000,0x0000000024ce0000)]
  0x000000001ffdd000 JavaThread "jar transforms Thread 162" [_thread_blocked, id=3504, stack(0x0000000024ae0000,0x0000000024be0000)]
  0x000000001ffe2800 JavaThread "jar transforms Thread 161" [_thread_blocked, id=17728, stack(0x00000000249e0000,0x0000000024ae0000)]
  0x000000001ffe1000 JavaThread "jar transforms Thread 160" [_thread_blocked, id=16080, stack(0x00000000248e0000,0x00000000249e0000)]
  0x000000001ffde800 JavaThread "jar transforms Thread 159" [_thread_blocked, id=12968, stack(0x00000000247e0000,0x00000000248e0000)]
  0x000000001ffe1800 JavaThread "jar transforms Thread 158" [_thread_blocked, id=13556, stack(0x00000000246e0000,0x00000000247e0000)]
  0x000000001ffe0000 JavaThread "jar transforms Thread 157" [_thread_blocked, id=13336, stack(0x00000000245e0000,0x00000000246e0000)]
  0x000000001ffdf800 JavaThread "jar transforms Thread 156" [_thread_blocked, id=13324, stack(0x00000000244e0000,0x00000000245e0000)]
  0x0000000018f5a000 JavaThread "jar transforms Thread 155" [_thread_blocked, id=3444, stack(0x00000000243e0000,0x00000000244e0000)]
  0x0000000018f5f000 JavaThread "jar transforms Thread 154" [_thread_blocked, id=10640, stack(0x00000000242e0000,0x00000000243e0000)]
  0x0000000018f5a800 JavaThread "jar transforms Thread 153" [_thread_blocked, id=16780, stack(0x00000000241e0000,0x00000000242e0000)]
  0x0000000018f5e800 JavaThread "jar transforms Thread 152" [_thread_blocked, id=18256, stack(0x00000000240e0000,0x00000000241e0000)]
  0x0000000018f5c000 JavaThread "jar transforms Thread 151" [_thread_blocked, id=4048, stack(0x0000000023fe0000,0x00000000240e0000)]
  0x000000001f865800 JavaThread "jar transforms Thread 150" [_thread_blocked, id=10984, stack(0x0000000023ee0000,0x0000000023fe0000)]
  0x000000001f864800 JavaThread "jar transforms Thread 149" [_thread_blocked, id=6600, stack(0x0000000023de0000,0x0000000023ee0000)]
  0x000000001f864000 JavaThread "jar transforms Thread 148" [_thread_blocked, id=3224, stack(0x0000000023ce0000,0x0000000023de0000)]
  0x000000001f863000 JavaThread "jar transforms Thread 147" [_thread_blocked, id=18164, stack(0x0000000023be0000,0x0000000023ce0000)]
  0x000000001f866000 JavaThread "jar transforms Thread 146" [_thread_blocked, id=8048, stack(0x0000000023ae0000,0x0000000023be0000)]
  0x000000001f862800 JavaThread "jar transforms Thread 145" [_thread_blocked, id=5508, stack(0x00000000239e0000,0x0000000023ae0000)]
  0x000000001f85b000 JavaThread "jar transforms Thread 144" [_thread_blocked, id=16424, stack(0x00000000238e0000,0x00000000239e0000)]
  0x000000001f85b800 JavaThread "jar transforms Thread 143" [_thread_blocked, id=14292, stack(0x00000000237e0000,0x00000000238e0000)]
  0x000000001f861800 JavaThread "jar transforms Thread 142" [_thread_blocked, id=10536, stack(0x00000000236e0000,0x00000000237e0000)]
  0x000000001f85a000 JavaThread "jar transforms Thread 141" [_thread_blocked, id=10572, stack(0x00000000235e0000,0x00000000236e0000)]
  0x000000001f85f800 JavaThread "jar transforms Thread 140" [_thread_blocked, id=4476, stack(0x00000000234e0000,0x00000000235e0000)]
  0x000000001f85e800 JavaThread "jar transforms Thread 139" [_thread_blocked, id=10224, stack(0x00000000233e0000,0x00000000234e0000)]
  0x000000001f860000 JavaThread "jar transforms Thread 138" [_thread_blocked, id=4756, stack(0x00000000232e0000,0x00000000233e0000)]
  0x000000001f85e000 JavaThread "jar transforms Thread 137" [_thread_blocked, id=13704, stack(0x00000000231e0000,0x00000000232e0000)]
  0x000000001f861000 JavaThread "jar transforms Thread 136" [_thread_blocked, id=4200, stack(0x00000000230e0000,0x00000000231e0000)]
  0x000000001f858800 JavaThread "jar transforms Thread 135" [_thread_blocked, id=16428, stack(0x0000000022fe0000,0x00000000230e0000)]
  0x0000000019b19800 JavaThread "jar transforms Thread 134" [_thread_blocked, id=6800, stack(0x0000000022ee0000,0x0000000022fe0000)]
  0x0000000019b1b000 JavaThread "jar transforms Thread 133" [_thread_blocked, id=18424, stack(0x0000000022de0000,0x0000000022ee0000)]
  0x0000000019b19000 JavaThread "jar transforms Thread 132" [_thread_blocked, id=10576, stack(0x0000000022ce0000,0x0000000022de0000)]
  0x0000000019b1a800 JavaThread "jar transforms Thread 131" [_thread_blocked, id=11056, stack(0x0000000022be0000,0x0000000022ce0000)]
  0x0000000019b18000 JavaThread "jar transforms Thread 130" [_thread_blocked, id=12688, stack(0x0000000022ae0000,0x0000000022be0000)]
  0x0000000019b17800 JavaThread "jar transforms Thread 129" [_thread_blocked, id=12624, stack(0x00000000229e0000,0x0000000022ae0000)]
  0x0000000019b10000 JavaThread "jar transforms Thread 128" [_thread_blocked, id=3852, stack(0x00000000228e0000,0x00000000229e0000)]
  0x0000000019b16800 JavaThread "jar transforms Thread 127" [_thread_blocked, id=11268, stack(0x00000000227e0000,0x00000000228e0000)]
  0x0000000019b16000 JavaThread "jar transforms Thread 126" [_thread_blocked, id=12892, stack(0x00000000226e0000,0x00000000227e0000)]
  0x0000000019b15000 JavaThread "jar transforms Thread 125" [_thread_blocked, id=12880, stack(0x00000000225e0000,0x00000000226e0000)]
  0x0000000019b0d800 JavaThread "jar transforms Thread 124" [_thread_blocked, id=4308, stack(0x00000000224e0000,0x00000000225e0000)]
  0x0000000019b0e800 JavaThread "jar transforms Thread 123" [_thread_blocked, id=11048, stack(0x00000000223e0000,0x00000000224e0000)]
  0x0000000019b14800 JavaThread "jar transforms Thread 122" [_thread_blocked, id=16756, stack(0x00000000222e0000,0x00000000223e0000)]
  0x0000000019b0d000 JavaThread "jar transforms Thread 121" [_thread_blocked, id=13588, stack(0x00000000221e0000,0x00000000222e0000)]
  0x0000000019b13800 JavaThread "jar transforms Thread 120" [_thread_blocked, id=16068, stack(0x00000000220e0000,0x00000000221e0000)]
  0x0000000019b11800 JavaThread "jar transforms Thread 119" [_thread_blocked, id=17744, stack(0x0000000021fe0000,0x00000000220e0000)]
  0x0000000019b0f000 JavaThread "jar transforms Thread 118" [_thread_blocked, id=8352, stack(0x0000000021ee0000,0x0000000021fe0000)]
  0x00000000193b5000 JavaThread "jar transforms Thread 117" [_thread_blocked, id=15616, stack(0x0000000021de0000,0x0000000021ee0000)]
  0x00000000193b4800 JavaThread "jar transforms Thread 116" [_thread_blocked, id=7756, stack(0x0000000021ce0000,0x0000000021de0000)]
  0x00000000193b3000 JavaThread "jar transforms Thread 115" [_thread_blocked, id=12776, stack(0x0000000021be0000,0x0000000021ce0000)]
  0x00000000193b2000 JavaThread "Build operations Thread 4" [_thread_blocked, id=10180, stack(0x0000000021ae0000,0x0000000021be0000)]
  0x00000000193aa800 JavaThread "Build operations Thread 3" [_thread_blocked, id=15064, stack(0x00000000219e0000,0x0000000021ae0000)]
  0x00000000193b1800 JavaThread "Build operations Thread 2" [_thread_blocked, id=18332, stack(0x00000000218e0000,0x00000000219e0000)]
  0x00000000193b0800 JavaThread "Build operations" [_thread_blocked, id=6208, stack(0x00000000217e0000,0x00000000218e0000)]
  0x00000000193a9000 JavaThread "Cache worker for Build Output Cleanup Cache (F:\Github\repository\wjr-1\scran\save-the-scran\android\.gradle\buildOutputCleanup)" [_thread_blocked, id=15448, stack(0x00000000214e0000,0x00000000215e0000)]
  0x00000000193b0000 JavaThread "Cache worker for cache directory md-rule (C:\Users\dell\.gradle\caches\6.7\md-rule)" [_thread_blocked, id=10160, stack(0x0000000020ce0000,0x0000000020de0000)]
  0x00000000193af000 JavaThread "Cache worker for cache directory md-supplier (C:\Users\dell\.gradle\caches\6.7\md-supplier)" [_thread_blocked, id=18400, stack(0x00000000204e0000,0x00000000205e0000)]
  0x00000000193ae800 JavaThread "Cache worker for checksums cache (F:\Github\repository\wjr-1\scran\save-the-scran\android\.gradle\checksums)" [_thread_blocked, id=8536, stack(0x000000001f3b0000,0x000000001f4b0000)]
  0x00000000193ad000 JavaThread "Cache worker for file hash cache (F:\Github\repository\wjr-1\scran\save-the-scran\android\.gradle\6.7\fileHashes)" [_thread_blocked, id=14636, stack(0x000000001c510000,0x000000001c610000)]
  0x00000000193a8800 JavaThread "Thread-144" [_thread_blocked, id=17992, stack(0x000000001c410000,0x000000001c510000)]
  0x00000000193ad800 JavaThread "Stdin handler" [_thread_blocked, id=5028, stack(0x000000001c310000,0x000000001c410000)]
  0x00000000193ab800 JavaThread "Asynchronous log dispatcher for DefaultDaemonConnection: socket connection from /127.0.0.1:8129 to /127.0.0.1:8285" [_thread_blocked, id=5068, stack(0x000000001c210000,0x000000001c310000)]
  0x00000000193a7800 JavaThread "Daemon worker Thread 2" [_thread_blocked, id=16976, stack(0x000000001c110000,0x000000001c210000)]
  0x00000000193a7000 JavaThread "Cancel handler" [_thread_blocked, id=13392, stack(0x000000001c010000,0x000000001c110000)]
  0x00000000193ac000 JavaThread "Handler for socket connection from /127.0.0.1:8129 to /127.0.0.1:8285" [_thread_in_native, id=7164, stack(0x000000001bf10000,0x000000001c010000)]
  0x00000000193aa000 JavaThread "Daemon Thread 2" [_thread_blocked, id=12668, stack(0x00000000014e0000,0x00000000015e0000)]
  0x00000000193b3800 JavaThread "Memory manager" [_thread_blocked, id=15352, stack(0x00000000297e0000,0x00000000298e0000)]
  0x0000000018f5d800 JavaThread "Cache worker for file content cache (C:\Users\dell\.gradle\caches\6.7\fileContent)" [_thread_blocked, id=16932, stack(0x0000000020de0000,0x0000000020ee0000)]
  0x0000000018f5b800 JavaThread "Cache worker for execution history cache (C:\Users\dell\.gradle\caches\6.7\executionHistory)" [_thread_blocked, id=4292, stack(0x00000000205e0000,0x00000000206e0000)]
  0x0000000018f60000 JavaThread "Cache worker for journal cache (C:\Users\dell\.gradle\caches\journal-1)" [_thread_blocked, id=17268, stack(0x000000001cb10000,0x000000001cc10000)]
  0x0000000018f59000 JavaThread "File lock request listener" [_thread_in_native, id=17700, stack(0x000000001ca10000,0x000000001cb10000)]
  0x000000001ab82000 JavaThread "Cache worker for file hash cache (C:\Users\dell\.gradle\caches\6.7\fileHashes)" [_thread_blocked, id=17488, stack(0x000000001c910000,0x000000001ca10000)]
  0x000000001aa3f000 JavaThread "Daemon periodic checks" [_thread_blocked, id=13240, stack(0x000000001bc10000,0x000000001bd10000)]
  0x000000001aa3d000 JavaThread "Incoming local TCP Connector on port 8129" [_thread_in_native, id=11804, stack(0x000000001ba60000,0x000000001bb60000)]
  0x000000001a99f000 JavaThread "Daemon health stats" [_thread_blocked, id=6760, stack(0x000000001b760000,0x000000001b860000)]
  0x000000001835d000 JavaThread "Service Thread" daemon [_thread_blocked, id=14896, stack(0x0000000018bc0000,0x0000000018cc0000)]
  0x00000000182d2800 JavaThread "C1 CompilerThread2" daemon [_thread_blocked, id=2776, stack(0x0000000018ac0000,0x0000000018bc0000)]
  0x00000000182cc000 JavaThread "C2 CompilerThread1" daemon [_thread_blocked, id=11052, stack(0x00000000189c0000,0x0000000018ac0000)]
=>0x0000000016ec1000 JavaThread "C2 CompilerThread0" daemon [_thread_in_native, id=3228, stack(0x00000000188c0000,0x00000000189c0000)]
  0x0000000016ebf800 JavaThread "Attach Listener" daemon [_thread_blocked, id=17008, stack(0x00000000187c0000,0x00000000188c0000)]
  0x0000000016f0e800 JavaThread "Signal Dispatcher" daemon [_thread_blocked, id=17624, stack(0x00000000186c0000,0x00000000187c0000)]
  0x000000000353c000 JavaThread "Finalizer" daemon [_thread_blocked, id=9280, stack(0x0000000018110000,0x0000000018210000)]
  0x0000000016e98800 JavaThread "Reference Handler" daemon [_thread_blocked, id=8832, stack(0x0000000018010000,0x0000000018110000)]
  0x0000000003443000 JavaThread "main" [_thread_blocked, id=17912, stack(0x0000000002f00000,0x0000000003000000)]

Other Threads:
  0x0000000016e75800 VMThread [stack: 0x0000000017f10000,0x0000000018010000] [id=13460]
  0x000000001835e800 WatcherThread [stack: 0x0000000018cc0000,0x0000000018dc0000] [id=12924]

VM state:not at safepoint (normal execution)

VM Mutex/Monitor currently owned by a thread: None

heap address: 0x00000000a0000000, size: 1536 MB, Compressed Oops mode: 32-bit
Narrow klass base: 0x0000000000000000, Narrow klass shift: 3
Compressed class space size: 1073741824 Address: 0x0000000100000000

Heap:
 PSYoungGen      total 494592K, used 172086K [0x00000000e0000000, 0x0000000100000000, 0x0000000100000000)
  eden space 472064K, 31% used [0x00000000e0000000,0x00000000e92123f0,0x00000000fcd00000)
  from space 22528K, 99% used [0x00000000fea00000,0x00000000ffffb730,0x0000000100000000)
  to   space 26112K, 0% used [0x00000000fcd00000,0x00000000fcd00000,0x00000000fe680000)
 ParOldGen       total 189440K, used 58535K [0x00000000a0000000, 0x00000000ab900000, 0x00000000e0000000)
  object space 189440K, 30% used [0x00000000a0000000,0x00000000a3929fe0,0x00000000ab900000)
 Metaspace       used 83755K, capacity 89578K, committed 89856K, reserved 1126400K
  class space    used 10997K, capacity 12191K, committed 12288K, reserved 1048576K

Card table byte_map: [0x0000000012900000,0x0000000012c10000] byte_map_base: 0x0000000012400000

Marking Bits: (ParMarkBitMap*) 0x000000006520f030
 Begin Bits: [0x0000000013210000, 0x0000000014a10000)
 End Bits:   [0x0000000014a10000, 0x0000000016210000)

Polling page: 0x0000000001620000

CodeCache: size=245760Kb used=38515Kb max_used=38527Kb free=207244Kb
 bounds [0x0000000003540000, 0x0000000005b30000, 0x0000000012540000]
 total_blobs=12182 nmethods=11326 adapters=767
 compilation: enabled

Compilation events (10 events):
Event: 460.867 Thread 0x00000000182d2800 13362   !   3       java.io.PrintStream::write (66 bytes)
Event: 460.867 Thread 0x00000000182cc000 nmethod 13358 0x00000000051f6390 code [0x00000000051f64e0, 0x00000000051f6708]
Event: 460.867 Thread 0x0000000016ec1000 13365   !   4       org.gradle.launcher.daemon.server.exec.LogToClient$AsynchronousLogDispatcher::dispatchAsync (33 bytes)
Event: 460.867 Thread 0x00000000182d2800 nmethod 13362 0x0000000004b7d910 code [0x0000000004b7dae0, 0x0000000004b7e278]
Event: 460.867 Thread 0x00000000182cc000 13366       4       org.gradle.launcher.daemon.protocol.DaemonMessageSerializer$OutputMessageSerializer::write (10 bytes)
Event: 460.867 Thread 0x00000000182d2800 13363       3       org.gradle.internal.io.LineBufferingOutputStream::write (59 bytes)
Event: 460.869 Thread 0x00000000182d2800 nmethod 13363 0x000000000542e890 code [0x000000000542eae0, 0x000000000542fa18]
Event: 460.869 Thread 0x00000000182d2800 13364       3       org.gradle.internal.io.StreamByteBuffer$StreamByteBufferOutputStream::write (22 bytes)
Event: 460.869 Thread 0x00000000182d2800 nmethod 13364 0x00000000040a54d0 code [0x00000000040a5660, 0x00000000040a5928]
Event: 460.878 Thread 0x00000000182cc000 nmethod 13366 0x00000000048af490 code [0x00000000048af640, 0x00000000048afb50]

GC Heap History (10 events):
Event: 31.920 GC heap before
{Heap before GC invocations=15 (full 3):
 PSYoungGen      total 200192K, used 179712K [0x00000000e0000000, 0x00000000f2f00000, 0x0000000100000000)
  eden space 179712K, 100% used [0x00000000e0000000,0x00000000eaf80000,0x00000000eaf80000)
  from space 20480K, 0% used [0x00000000eaf80000,0x00000000eaf80000,0x00000000ec380000)
  to   space 19968K, 0% used [0x00000000f1b80000,0x00000000f1b80000,0x00000000f2f00000)
 ParOldGen       total 189440K, used 33863K [0x00000000a0000000, 0x00000000ab900000, 0x00000000e0000000)
  object space 189440K, 17% used [0x00000000a0000000,0x00000000a2111e20,0x00000000ab900000)
 Metaspace       used 64276K, capacity 67334K, committed 67456K, reserved 1107968K
  class space    used 8660K, capacity 9314K, committed 9344K, reserved 1048576K
Event: 31.943 GC heap after
Heap after GC invocations=15 (full 3):
 PSYoungGen      total 285184K, used 17171K [0x00000000e0000000, 0x00000000f2e00000, 0x0000000100000000)
  eden space 266240K, 0% used [0x00000000e0000000,0x00000000e0000000,0x00000000f0400000)
  from space 18944K, 90% used [0x00000000f1b80000,0x00000000f2c44eb0,0x00000000f2e00000)
  to   space 21504K, 0% used [0x00000000f0400000,0x00000000f0400000,0x00000000f1900000)
 ParOldGen       total 189440K, used 33871K [0x00000000a0000000, 0x00000000ab900000, 0x00000000e0000000)
  object space 189440K, 17% used [0x00000000a0000000,0x00000000a2113e20,0x00000000ab900000)
 Metaspace       used 64276K, capacity 67334K, committed 67456K, reserved 1107968K
  class space    used 8660K, capacity 9314K, committed 9344K, reserved 1048576K
}
Event: 43.497 GC heap before
{Heap before GC invocations=16 (full 3):
 PSYoungGen      total 285184K, used 283406K [0x00000000e0000000, 0x00000000f2e00000, 0x0000000100000000)
  eden space 266240K, 99% used [0x00000000e0000000,0x00000000f03fe9b0,0x00000000f0400000)
  from space 18944K, 90% used [0x00000000f1b80000,0x00000000f2c44eb0,0x00000000f2e00000)
  to   space 21504K, 0% used [0x00000000f0400000,0x00000000f0400000,0x00000000f1900000)
 ParOldGen       total 189440K, used 33871K [0x00000000a0000000, 0x00000000ab900000, 0x00000000e0000000)
  object space 189440K, 17% used [0x00000000a0000000,0x00000000a2113e20,0x00000000ab900000)
 Metaspace       used 70782K, capacity 74592K, committed 74752K, reserved 1114112K
  class space    used 9413K, capacity 10156K, committed 10240K, reserved 1048576K
Event: 43.545 GC heap after
Heap after GC invocations=16 (full 3):
 PSYoungGen      total 287744K, used 15683K [0x00000000e0000000, 0x00000000fa500000, 0x0000000100000000)
  eden space 266240K, 0% used [0x00000000e0000000,0x00000000e0000000,0x00000000f0400000)
  from space 21504K, 72% used [0x00000000f0400000,0x00000000f1350f98,0x00000000f1900000)
  to   space 22016K, 0% used [0x00000000f8f80000,0x00000000f8f80000,0x00000000fa500000)
 ParOldGen       total 189440K, used 44983K [0x00000000a0000000, 0x00000000ab900000, 0x00000000e0000000)
  object space 189440K, 23% used [0x00000000a0000000,0x00000000a2bedea0,0x00000000ab900000)
 Metaspace       used 70782K, capacity 74592K, committed 74752K, reserved 1114112K
  class space    used 9413K, capacity 10156K, committed 10240K, reserved 1048576K
}
Event: 44.415 GC heap before
{Heap before GC invocations=17 (full 3):
 PSYoungGen      total 287744K, used 281923K [0x00000000e0000000, 0x00000000fa500000, 0x0000000100000000)
  eden space 266240K, 100% used [0x00000000e0000000,0x00000000f0400000,0x00000000f0400000)
  from space 21504K, 72% used [0x00000000f0400000,0x00000000f1350f98,0x00000000f1900000)
  to   space 22016K, 0% used [0x00000000f8f80000,0x00000000f8f80000,0x00000000fa500000)
 ParOldGen       total 189440K, used 44983K [0x00000000a0000000, 0x00000000ab900000, 0x00000000e0000000)
  object space 189440K, 23% used [0x00000000a0000000,0x00000000a2bedea0,0x00000000ab900000)
 Metaspace       used 70831K, capacity 74656K, committed 75008K, reserved 1114112K
  class space    used 9413K, capacity 10156K, committed 10240K, reserved 1048576K
Event: 44.437 GC heap after
Heap after GC invocations=17 (full 3):
 PSYoungGen      total 401920K, used 1376K [0x00000000e0000000, 0x00000000fa280000, 0x0000000100000000)
  eden space 382464K, 0% used [0x00000000e0000000,0x00000000e0000000,0x00000000f7580000)
  from space 19456K, 7% used [0x00000000f8f80000,0x00000000f90d8000,0x00000000fa280000)
  to   space 23040K, 0% used [0x00000000f7580000,0x00000000f7580000,0x00000000f8c00000)
 ParOldGen       total 189440K, used 57577K [0x00000000a0000000, 0x00000000ab900000, 0x00000000e0000000)
  object space 189440K, 30% used [0x00000000a0000000,0x00000000a383a580,0x00000000ab900000)
 Metaspace       used 70831K, capacity 74656K, committed 75008K, reserved 1114112K
  class space    used 9413K, capacity 10156K, committed 10240K, reserved 1048576K
}
Event: 45.406 GC heap before
{Heap before GC invocations=18 (full 3):
 PSYoungGen      total 401920K, used 383840K [0x00000000e0000000, 0x00000000fa280000, 0x0000000100000000)
  eden space 382464K, 100% used [0x00000000e0000000,0x00000000f7580000,0x00000000f7580000)
  from space 19456K, 7% used [0x00000000f8f80000,0x00000000f90d8000,0x00000000fa280000)
  to   space 23040K, 0% used [0x00000000f7580000,0x00000000f7580000,0x00000000f8c00000)
 ParOldGen       total 189440K, used 57590K [0x00000000a0000000, 0x00000000ab900000, 0x00000000e0000000)
  object space 189440K, 30% used [0x00000000a0000000,0x00000000a383db30,0x00000000ab900000)
 Metaspace       used 70832K, capacity 74656K, committed 75008K, reserved 1114112K
  class space    used 9413K, capacity 10156K, committed 10240K, reserved 1048576K
Event: 45.414 GC heap after
Heap after GC invocations=18 (full 3):
 PSYoungGen      total 405504K, used 5462K [0x00000000e0000000, 0x0000000100000000, 0x0000000100000000)
  eden space 382464K, 0% used [0x00000000e0000000,0x00000000e0000000,0x00000000f7580000)
  from space 23040K, 23% used [0x00000000f7580000,0x00000000f7ad5970,0x00000000f8c00000)
  to   space 22528K, 0% used [0x00000000fea00000,0x00000000fea00000,0x0000000100000000)
 ParOldGen       total 189440K, used 58270K [0x00000000a0000000, 0x00000000ab900000, 0x00000000e0000000)
  object space 189440K, 30% used [0x00000000a0000000,0x00000000a38e7b50,0x00000000ab900000)
 Metaspace       used 70832K, capacity 74656K, committed 75008K, reserved 1114112K
  class space    used 9413K, capacity 10156K, committed 10240K, reserved 1048576K
}
Event: 450.342 GC heap before
{Heap before GC invocations=19 (full 3):
 PSYoungGen      total 405504K, used 387926K [0x00000000e0000000, 0x0000000100000000, 0x0000000100000000)
  eden space 382464K, 100% used [0x00000000e0000000,0x00000000f7580000,0x00000000f7580000)
  from space 23040K, 23% used [0x00000000f7580000,0x00000000f7ad5970,0x00000000f8c00000)
  to   space 22528K, 0% used [0x00000000fea00000,0x00000000fea00000,0x0000000100000000)
 ParOldGen       total 189440K, used 58279K [0x00000000a0000000, 0x00000000ab900000, 0x00000000e0000000)
  object space 189440K, 30% used [0x00000000a0000000,0x00000000a38e9fc0,0x00000000ab900000)
 Metaspace       used 77178K, capacity 82386K, committed 82560K, reserved 1120256K
  class space    used 9991K, capacity 11100K, committed 11136K, reserved 1048576K
Event: 450.369 GC heap after
Heap after GC invocations=19 (full 3):
 PSYoungGen      total 494592K, used 22509K [0x00000000e0000000, 0x0000000100000000, 0x0000000100000000)
  eden space 472064K, 0% used [0x00000000e0000000,0x00000000e0000000,0x00000000fcd00000)
  from space 22528K, 99% used [0x00000000fea00000,0x00000000ffffb730,0x0000000100000000)
  to   space 26112K, 0% used [0x00000000fcd00000,0x00000000fcd00000,0x00000000fe680000)
 ParOldGen       total 189440K, used 58535K [0x00000000a0000000, 0x00000000ab900000, 0x00000000e0000000)
  object space 189440K, 30% used [0x00000000a0000000,0x00000000a3929fe0,0x00000000ab900000)
 Metaspace       used 77178K, capacity 82386K, committed 82560K, reserved 1120256K
  class space    used 9991K, capacity 11100K, committed 11136K, reserved 1048576K
}

Deoptimization events (10 events):
Event: 453.134 Thread 0x000000001b059800 Uncommon trap: reason=bimorphic action=maybe_recompile pc=0x000000000441a0c8 method=org.gradle.internal.snapshot.SnapshotUtil.lambda$handleChildren$3(Lorg/gradle/internal/snapshot/VfsRelativePath;Lorg/gradle/internal/snapshot/CaseSensitivity;Lorg/gradle/i
Event: 453.134 Thread 0x000000001b059800 Uncommon trap: reason=bimorphic action=maybe_recompile pc=0x000000000441a0c8 method=org.gradle.internal.snapshot.SnapshotUtil.lambda$handleChildren$3(Lorg/gradle/internal/snapshot/VfsRelativePath;Lorg/gradle/internal/snapshot/CaseSensitivity;Lorg/gradle/i
Event: 453.137 Thread 0x000000001b059800 Uncommon trap: reason=bimorphic action=maybe_recompile pc=0x000000000441a0c8 method=org.gradle.internal.snapshot.SnapshotUtil.lambda$handleChildren$3(Lorg/gradle/internal/snapshot/VfsRelativePath;Lorg/gradle/internal/snapshot/CaseSensitivity;Lorg/gradle/i
Event: 453.167 Thread 0x000000001b059800 Uncommon trap: reason=bimorphic action=maybe_recompile pc=0x0000000004c92d50 method=org.gradle.internal.snapshot.SnapshotUtil.lambda$getMetadataFromChildren$0(Lorg/gradle/internal/snapshot/VfsRelativePath;Lorg/gradle/internal/snapshot/CaseSensitivity;Lorg
Event: 453.167 Thread 0x000000001b059800 Uncommon trap: reason=bimorphic action=maybe_recompile pc=0x0000000004c92d50 method=org.gradle.internal.snapshot.SnapshotUtil.lambda$getMetadataFromChildren$0(Lorg/gradle/internal/snapshot/VfsRelativePath;Lorg/gradle/internal/snapshot/CaseSensitivity;Lorg
Event: 453.167 Thread 0x000000001b059800 Uncommon trap: reason=bimorphic action=maybe_recompile pc=0x0000000004c92d50 method=org.gradle.internal.snapshot.SnapshotUtil.lambda$getMetadataFromChildren$0(Lorg/gradle/internal/snapshot/VfsRelativePath;Lorg/gradle/internal/snapshot/CaseSensitivity;Lorg
Event: 453.168 Thread 0x000000001b059800 Uncommon trap: reason=bimorphic action=maybe_recompile pc=0x0000000004c92d50 method=org.gradle.internal.snapshot.SnapshotUtil.lambda$getMetadataFromChildren$0(Lorg/gradle/internal/snapshot/VfsRelativePath;Lorg/gradle/internal/snapshot/CaseSensitivity;Lorg
Event: 453.494 Thread 0x000000001b059800 Uncommon trap: reason=unstable_if action=reinterpret pc=0x0000000004713d84 method=org.gradle.internal.snapshot.VfsRelativePath.compareToFirstSegment(Ljava/lang/String;Lorg/gradle/internal/snapshot/CaseSensitivity;)I @ 134
Event: 460.865 Thread 0x000000001b055000 Uncommon trap: reason=unstable_if action=reinterpret pc=0x0000000004ebeeec method=org.gradle.internal.logging.text.AbstractLineChoppingStyledTextOutput$2.execute(Lorg/gradle/internal/logging/text/AbstractLineChoppingStyledTextOutput$StateContext;)V @ 30
Event: 460.865 Thread 0x000000001b055000 Uncommon trap: reason=unstable_if action=reinterpret pc=0x000000000430bfc8 method=org.gradle.internal.logging.text.AbstractLineChoppingStyledTextOutput$2.execute(Lorg/gradle/internal/logging/text/AbstractLineChoppingStyledTextOutput$StateContext;)V @ 30

Classes redefined (0 events):
No events

Internal exceptions (10 events):
Event: 453.536 Thread 0x000000001b059800 Exception <a 'java/lang/ClassNotFoundException': org/gradle/process/internal/DefaultProcessForkOptionsBeanInfo> (0x00000000e8e04420) thrown at [C:\src\AOSP-openjdk-git\hotspot\src\share\vm\classfile\systemDictionary.cpp, line 210]
Event: 453.537 Thread 0x000000001b059800 Exception <a 'java/lang/ClassNotFoundException': org/gradle/process/internal/DefaultProcessForkOptionsCustomizer> (0x00000000e8e446b8) thrown at [C:\src\AOSP-openjdk-git\hotspot\src\share\vm\classfile\systemDictionary.cpp, line 210]
Event: 453.538 Thread 0x000000001b059800 Exception <a 'java/lang/ClassNotFoundException': org/gradle/process/internal/AbstractExecHandleBuilderCustomizer> (0x00000000e8e974d8) thrown at [C:\src\AOSP-openjdk-git\hotspot\src\share\vm\classfile\systemDictionary.cpp, line 210]
Event: 453.539 Thread 0x000000001b059800 Exception <a 'java/lang/ClassNotFoundException': org/gradle/process/internal/DefaultExecHandleBuilderCustomizer> (0x00000000e8eed590) thrown at [C:\src\AOSP-openjdk-git\hotspot\src\share\vm\classfile\systemDictionary.cpp, line 210]
Event: 453.541 Thread 0x000000001b059800 Exception <a 'java/lang/ClassNotFoundException': org/gradle/process/internal/DefaultExecActionCustomizer> (0x00000000e8f66950) thrown at [C:\src\AOSP-openjdk-git\hotspot\src\share\vm\classfile\systemDictionary.cpp, line 210]
Event: 453.542 Thread 0x000000001b059800 Exception <a 'java/lang/ClassNotFoundException': org/gradle/process/internal/DefaultExecAction_DecoratedCustomizer> (0x00000000e8fb2ed8) thrown at [C:\src\AOSP-openjdk-git\hotspot\src\share\vm\classfile\systemDictionary.cpp, line 210]
Event: 453.545 Thread 0x000000001b059800 Exception <a 'java/lang/ClassNotFoundException': org/gradle/api/logging/LogLevelBeanInfo> (0x00000000e9016700) thrown at [C:\src\AOSP-openjdk-git\hotspot\src\share\vm\classfile\systemDictionary.cpp, line 210]
Event: 453.546 Thread 0x000000001b059800 Exception <a 'java/lang/ClassNotFoundException': org/gradle/api/logging/LogLevelCustomizer> (0x00000000e9046320) thrown at [C:\src\AOSP-openjdk-git\hotspot\src\share\vm\classfile\systemDictionary.cpp, line 210]
Event: 453.550 Thread 0x000000001b059800 Exception <a 'java/lang/ClassNotFoundException': org/gradle/internal/logging/compatbridge/LoggingManagerInternalCompatibilityBridgeBeanInfo> (0x00000000e90c8ad8) thrown at [C:\src\AOSP-openjdk-git\hotspot\src\share\vm\classfile\systemDictionary.cpp, line 
Event: 453.551 Thread 0x000000001b059800 Exception <a 'java/lang/ClassNotFoundException': org/gradle/internal/logging/compatbridge/LoggingManagerInternalCompatibilityBridgeCustomizer> (0x00000000e911c4f8) thrown at [C:\src\AOSP-openjdk-git\hotspot\src\share\vm\classfile\systemDictionary.cpp, lin

Events (10 events):
Event: 453.575 Thread 0x000000001b057000 Thread added: 0x000000001b057000
Event: 453.584 Thread 0x00000000182cc000 flushing nmethod 0x00000000051f6390
Event: 453.638 Thread 0x00000000182cc000 flushing nmethod 0x000000000542e890
Event: 453.639 Thread 0x00000000182cc000 flushing nmethod 0x00000000054e1450
Event: 460.865 Thread 0x000000001b055000 Uncommon trap: trap_request=0xffffff65 fr.pc=0x0000000004ebeeec
Event: 460.865 Thread 0x000000001b055000 DEOPT PACKING pc=0x0000000004ebeeec sp=0x000000002fc4de00
Event: 460.865 Thread 0x000000001b055000 DEOPT UNPACKING pc=0x000000000358557b sp=0x000000002fc4dc60 mode 2
Event: 460.865 Thread 0x000000001b055000 Uncommon trap: trap_request=0xffffff65 fr.pc=0x000000000430bfc8
Event: 460.865 Thread 0x000000001b055000 DEOPT PACKING pc=0x000000000430bfc8 sp=0x000000002fc4ddb0
Event: 460.865 Thread 0x000000001b055000 DEOPT UNPACKING pc=0x000000000358557b sp=0x000000002fc4dc48 mode 2


Dynamic libraries:
0x00007ff765e40000 - 0x00007ff765e71000 	D:\android studio\jre\bin\java.exe
0x00007ffcd8d30000 - 0x00007ffcd8f25000 	C:\WINDOWS\SYSTEM32\ntdll.dll
0x00007ffcd6e20000 - 0x00007ffcd6edd000 	C:\WINDOWS\System32\KERNEL32.DLL
0x00007ffcd6570000 - 0x00007ffcd6839000 	C:\WINDOWS\System32\KERNELBASE.dll
0x00007ffcd3710000 - 0x00007ffcd37a0000 	C:\WINDOWS\SYSTEM32\apphelp.dll
0x00007ffcd7960000 - 0x00007ffcd7a0c000 	C:\WINDOWS\System32\ADVAPI32.dll
0x00007ffcd74d0000 - 0x00007ffcd756e000 	C:\WINDOWS\System32\msvcrt.dll
0x00007ffcd7720000 - 0x00007ffcd77bc000 	C:\WINDOWS\System32\sechost.dll
0x00007ffcd7f10000 - 0x00007ffcd803b000 	C:\WINDOWS\System32\RPCRT4.dll
0x00007ffcd7d70000 - 0x00007ffcd7f10000 	C:\WINDOWS\System32\USER32.dll
0x00007ffcd69f0000 - 0x00007ffcd6a12000 	C:\WINDOWS\System32\win32u.dll
0x00007ffcd74a0000 - 0x00007ffcd74ca000 	C:\WINDOWS\System32\GDI32.dll
0x00007ffcd6c00000 - 0x00007ffcd6d0b000 	C:\WINDOWS\System32\gdi32full.dll
0x00007ffcd64d0000 - 0x00007ffcd656d000 	C:\WINDOWS\System32\msvcp_win.dll
0x00007ffcd6b00000 - 0x00007ffcd6c00000 	C:\WINDOWS\System32\ucrtbase.dll
0x00007ffcc35d0000 - 0x00007ffcc386a000 	C:\WINDOWS\WinSxS\amd64_microsoft.windows.common-controls_6595b64144ccf1df_6.0.19041.844_none_ca00b6081b84eb1d\COMCTL32.dll
0x00007ffcd7c90000 - 0x00007ffcd7cc0000 	C:\WINDOWS\System32\IMM32.DLL
0x00007ffcd6400000 - 0x00007ffcd646e000 	C:\WINDOWS\System32\dtrampo.dll
0x0000000065580000 - 0x0000000065652000 	D:\android studio\jre\jre\bin\msvcr100.dll
0x0000000064a40000 - 0x000000006528b000 	D:\android studio\jre\jre\bin\server\jvm.dll
0x00007ffcd7a80000 - 0x00007ffcd7a88000 	C:\WINDOWS\System32\PSAPI.DLL
0x00007ffcbb7e0000 - 0x00007ffcbb7e9000 	C:\WINDOWS\SYSTEM32\WSOCK32.dll
0x00007ffcd7a10000 - 0x00007ffcd7a7b000 	C:\WINDOWS\System32\WS2_32.dll
0x00007ffcc1780000 - 0x00007ffcc17a7000 	C:\WINDOWS\SYSTEM32\WINMM.dll
0x00007ffccb180000 - 0x00007ffccb18a000 	C:\WINDOWS\SYSTEM32\VERSION.dll
0x00007ffcc04e0000 - 0x00007ffcc04ef000 	D:\android studio\jre\jre\bin\verify.dll
0x00007ffcbc8e0000 - 0x00007ffcbc909000 	D:\android studio\jre\jre\bin\java.dll
0x00007ffcbc8c0000 - 0x00007ffcbc8d6000 	D:\android studio\jre\jre\bin\zip.dll
0x00007ffcd8050000 - 0x00007ffcd8792000 	C:\WINDOWS\System32\SHELL32.dll
0x00007ffcd4150000 - 0x00007ffcd48e0000 	C:\WINDOWS\SYSTEM32\windows.storage.dll
0x00007ffcd87a0000 - 0x00007ffcd8af5000 	C:\WINDOWS\System32\combase.dll
0x00007ffcd5da0000 - 0x00007ffcd5dcc000 	C:\WINDOWS\SYSTEM32\Wldp.dll
0x0000000018210000 - 0x00000000182be000 	C:\WINDOWS\System32\SHCORE.dll
0x00007ffcd8c90000 - 0x00007ffcd8ce5000 	C:\WINDOWS\System32\shlwapi.dll
0x00007ffcd6340000 - 0x00007ffcd635f000 	C:\WINDOWS\SYSTEM32\profapi.dll
0x00007ffcbc8a0000 - 0x00007ffcbc8ba000 	D:\android studio\jre\jre\bin\net.dll
0x00007ffcd5b20000 - 0x00007ffcd5b8a000 	C:\WINDOWS\system32\mswsock.dll
0x00007ffcc0670000 - 0x00007ffcc0683000 	D:\android studio\jre\jre\bin\nio.dll
0x00007ffcc8a50000 - 0x00007ffcc8a76000 	C:\Users\dell\.gradle\native\fdc75f09e3144964f2cf3f50f0aa648679c211496f362492102eb8c894070792\windows-amd64\native-platform.dll
0x00007ffcbf980000 - 0x00007ffcbfb11000 	C:\Users\dell\.gradle\native\12488b8bf47d2d4c9fbf2f6322a914ad602e24e48041cd04a747c6da556b65c4\windows-amd64\native-platform-file-events.dll
0x00007ffcc0660000 - 0x00007ffcc066d000 	D:\android studio\jre\jre\bin\management.dll
0x00007ffcd5d00000 - 0x00007ffcd5d18000 	C:\WINDOWS\SYSTEM32\CRYPTSP.dll
0x00007ffcd54c0000 - 0x00007ffcd54f4000 	C:\WINDOWS\system32\rsaenh.dll
0x00007ffcd6a20000 - 0x00007ffcd6a47000 	C:\WINDOWS\System32\bcrypt.dll
0x00007ffcd62b0000 - 0x00007ffcd62de000 	C:\WINDOWS\SYSTEM32\USERENV.dll
0x00007ffcd6d10000 - 0x00007ffcd6d90000 	C:\WINDOWS\System32\bcryptprimitives.dll
0x00007ffcd5cf0000 - 0x00007ffcd5cfc000 	C:\WINDOWS\SYSTEM32\CRYPTBASE.dll
0x00007ffcd5810000 - 0x00007ffcd584b000 	C:\WINDOWS\SYSTEM32\IPHLPAPI.DLL
0x00007ffcd7820000 - 0x00007ffcd7828000 	C:\WINDOWS\System32\NSI.dll
0x00007ffccec60000 - 0x00007ffccec77000 	C:\WINDOWS\SYSTEM32\dhcpcsvc6.DLL
0x00007ffcce8a0000 - 0x00007ffcce8bd000 	C:\WINDOWS\SYSTEM32\dhcpcsvc.DLL
0x00007ffcd5850000 - 0x00007ffcd591b000 	C:\WINDOWS\SYSTEM32\DNSAPI.dll
0x00007ffcced90000 - 0x00007ffcced9b000 	C:\WINDOWS\SYSTEM32\WINNSI.DLL
0x00007ffcbc870000 - 0x00007ffcbc894000 	D:\android studio\jre\jre\bin\sunec.dll
0x00007ffcce650000 - 0x00007ffcce65a000 	C:\Windows\System32\rasadhlp.dll
0x00007ffcc6d60000 - 0x00007ffcc6ddf000 	C:\WINDOWS\System32\fwpuclnt.dll
0x00007ffcc0630000 - 0x00007ffcc063b000 	D:\android studio\jre\jre\bin\sunmscapi.dll
0x00007ffcd6840000 - 0x00007ffcd699f000 	C:\WINDOWS\System32\CRYPT32.dll

VM Arguments:
jvm_args: -Xmx1536M -Dfile.encoding=GBK -Duser.country=CN -Duser.language=zh -Duser.variant 
java_command: org.gradle.launcher.daemon.bootstrap.GradleDaemon 6.7
java_class_path (initial): C:\Users\dell\.gradle\wrapper\dists\gradle-6.7-all\cuy9mc7upwgwgeb72wkcrupxe\gradle-6.7\lib\gradle-launcher-6.7.jar
Launcher Type: SUN_STANDARD

Environment Variables:
JAVA_HOME=D:\android studio\jre
CLASSPATH=F:\Github\repository\wjr-1\scran\save-the-scran\android\\gradle\wrapper\gradle-wrapper.jar
PATH=C:\Users\dell\bin;F:\Git\Git\mingw64\bin;F:\Git\Git\usr\local\bin;F:\Git\Git\usr\bin;F:\Git\Git\usr\bin;F:\Git\Git\mingw64\bin;F:\Git\Git\usr\bin;C:\Users\dell\bin;D:\PGP;C:\windows\system32;C:\Users\dell\Java15\jdk-15.0.1\bin;C:\Users\dell\Java15\jdk-15.0.1\jre\bin;D:\Min-GW\mingw64\bin;C:\WINDOWS\system32;C:\WINDOWS;C:\WINDOWS\System32\Wbem;C:\WINDOWS\System32\WindowsPowerShell\v1.0;C:\WINDOWS\System32\OpenSSH;F:\Git\Git\usr\bin\git.exe;D:\tcl\bin;D:\anaconda;D:\anaconda\Library\mingw-w64\bin;D:\anaconda\Library\usr\bin;D:\anaconda\Library\bin;D:\anaconda\Scripts;C:\Users\dell\AppData\Local\Programs\Python\Python36-32\Scripts;C:\Users\dell\AppData\Local\Programs\Python\Python36-32;C:\Users\dell\AppData\Local\Microsoft\WindowsApps;C:\Users\dell\AppData\Local\GitHubDesktop\bin;F:\BaiduYunDownload\Github\GitHubDesktop\bin;D:\PGP;C:\windows\system32;C:\Users\dell\Java15\jdk-15.0.1\bin;C:\Users\dell\Java15\jdk-15.0.1\jre\bin;D:\Min-GW\mingw64\bin;C:\WINDOWS\system32;C:\WINDOWS;C:\WINDOWS\System32\Wbem;C:\WINDOWS\System32\WindowsPowerShell\v1.0;C:\WINDOWS\System32\OpenSSH;F:\Git\Git\usr\bin\git.exe;D:\VScode\Microsoft VS Code\bin;C:\Users\dell\AppData\Local\Microsoft\WindowsApps;C:\Users\dell\Java15\jdk-15.0.1\bin;D:\Flutter\flutter\bin;D:\maven\apache-maven-3.6.3\bin;D:\maven\apache-maven-3.6.3\bin;F:\Git\Git\usr\bin\git.exe;F:\Git\Git\usr\bin\vendor_perl;F:\Git\Git\usr\bin\core_perl
USERNAME=WJR
SHELL=F:\Git\Git\usr\bin\bash.exe
DISPLAY=needs-to-be-defined
OS=MINGW64_NT-10.0-19042
PROCESSOR_IDENTIFIER=Intel64 Family 6 Model 142 Stepping 9, GenuineIntel



---------------  S Y S T E M  ---------------

OS: Windows 10.0 , 64 bit Build 19041 (10.0.19041.804)

CPU:total 4 (initial active 4) (2 cores per cpu, 2 threads per core) family 6 model 142 stepping 9, cmov, cx8, fxsr, mmx, sse, sse2, sse3, ssse3, sse4.1, sse4.2, popcnt, avx, avx2, aes, clmul, erms, 3dnowpref, lzcnt, ht, tsc, tscinvbit, bmi1, bmi2, adx

Memory: 4k page, physical 16672316k(3192796k free), swap 18617916k(4092k free)

vm_info: OpenJDK 64-Bit Server VM (25.242-b01) for windows-amd64 JRE (1.8.0_242-release-1644-b01), built by "builder" with MS VC++ 10.0 (VS2010)

time: Fri Mar 12 18:05:32 2021
timezone: GMT 标准时间
elapsed time: 460 seconds (0d 0h 7m 40s)

